<?xml version="1.0" encoding="UTF-8"?>
<testng-results ignored="0" total="2" passed="2" failed="0" skipped="0">
  <reporter-output>
    <line>
      <![CDATA[TC Run]]>
    </line>
    <line>
      <![CDATA[TC Run]]>
    </line>
  </reporter-output>
  <suite started-at="2022-09-09T19:02:56 IST" name="Suite" finished-at="2022-09-09T19:03:38 IST" duration-ms="42091">
    <groups>
    </groups>
    <test started-at="2022-09-09T19:02:56 IST" name="ChromeTest" finished-at="2022-09-09T19:03:13 IST" duration-ms="17510">
      <class name="TestRun.TestingLogin">
        <test-method is-config="true" signature="beforeTest(java.lang.String)[pri:0, instance:TestRun.TestingLogin@18271936]" started-at="2022-09-09T19:02:56 IST" name="beforeTest" finished-at="2022-09-09T19:03:13 IST" duration-ms="17352" status="PASS">
          <params>
            <param index="0">
              <value>
                <![CDATA[chrome]]>
              </value>
            </param>
          </params>
          <reporter-output>
          </reporter-output>
        </test-method> <!-- beforeTest -->
        <test-method is-config="true" signature="beforeMethod()[pri:0, instance:TestRun.TestingLogin@18271936]" started-at="2022-09-09T19:03:13 IST" name="beforeMethod" finished-at="2022-09-09T19:03:13 IST" duration-ms="1" status="PASS">
          <reporter-output>
          </reporter-output>
        </test-method> <!-- beforeMethod -->
        <test-method signature="validateTC001()[pri:0, instance:TestRun.TestingLogin@18271936]" started-at="2022-09-09T19:03:13 IST" name="validateTC001" finished-at="2022-09-09T19:03:13 IST" duration-ms="13" status="PASS">
          <reporter-output>
            <line>
              <![CDATA[TC Run]]>
            </line>
          </reporter-output>
        </test-method> <!-- validateTC001 -->
        <test-method is-config="true" signature="afterMethod()[pri:0, instance:TestRun.TestingLogin@18271936]" started-at="2022-09-09T19:03:13 IST" name="afterMethod" finished-at="2022-09-09T19:03:13 IST" duration-ms="1" status="PASS">
          <reporter-output>
          </reporter-output>
        </test-method> <!-- afterMethod -->
        <test-method is-config="true" signature="afterTest()[pri:0, instance:TestRun.TestingLogin@18271936]" started-at="2022-09-09T19:03:13 IST" name="afterTest" finished-at="2022-09-09T19:03:13 IST" duration-ms="1" status="PASS">
          <reporter-output>
          </reporter-output>
        </test-method> <!-- afterTest -->
      </class> <!-- TestRun.TestingLogin -->
    </test> <!-- ChromeTest -->
    <test started-at="2022-09-09T19:03:14 IST" name="FirefoxTest" finished-at="2022-09-09T19:03:38 IST" duration-ms="24486">
      <class name="TestRun.TestingLogin">
        <test-method is-config="true" signature="beforeTest(java.lang.String)[pri:0, instance:TestRun.TestingLogin@305ffe9e]" started-at="2022-09-09T19:03:14 IST" name="beforeTest" finished-at="2022-09-09T19:03:38 IST" duration-ms="24477" status="PASS">
          <params>
            <param index="0">
              <value>
                <![CDATA[firefox]]>
              </value>
            </param>
          </params>
          <reporter-output>
          </reporter-output>
        </test-method> <!-- beforeTest -->
        <test-method is-config="true" signature="beforeMethod()[pri:0, instance:TestRun.TestingLogin@305ffe9e]" started-at="2022-09-09T19:03:38 IST" name="beforeMethod" finished-at="2022-09-09T19:03:38 IST" duration-ms="1" status="PASS">
          <reporter-output>
          </reporter-output>
        </test-method> <!-- beforeMethod -->
        <test-method signature="validateTC001()[pri:0, instance:TestRun.TestingLogin@305ffe9e]" started-at="2022-09-09T19:03:38 IST" name="validateTC001" finished-at="2022-09-09T19:03:38 IST" duration-ms="2" status="PASS">
          <reporter-output>
            <line>
              <![CDATA[TC Run]]>
            </line>
          </reporter-output>
        </test-method> <!-- validateTC001 -->
        <test-method is-config="true" signature="afterMethod()[pri:0, instance:TestRun.TestingLogin@305ffe9e]" started-at="2022-09-09T19:03:38 IST" name="afterMethod" finished-at="2022-09-09T19:03:38 IST" duration-ms="1" status="PASS">
          <reporter-output>
          </reporter-output>
        </test-method> <!-- afterMethod -->
        <test-method is-config="true" signature="afterTest()[pri:0, instance:TestRun.TestingLogin@305ffe9e]" started-at="2022-09-09T19:03:38 IST" name="afterTest" finished-at="2022-09-09T19:03:38 IST" duration-ms="0" status="PASS">
          <reporter-output>
          </reporter-output>
        </test-method> <!-- afterTest -->
      </class> <!-- TestRun.TestingLogin -->
    </test> <!-- FirefoxTest -->
  </suite> <!-- Suite -->
</testng-results>
